<?xml version="1.0" encoding="UTF-8"?>
<testng-results ignored="0" total="3" passed="2" failed="1" skipped="0">
  <reporter-output>
  </reporter-output>
  <suite started-at="2024-12-30T11:15:37 IST" name="Suite" finished-at="2024-12-30T11:15:58 IST" duration-ms="20883">
    <groups>
      <group name="cucumber">
        <method signature="AbstractTestNGCucumberTests.runScenario(io.cucumber.testng.PickleWrapper,io.cucumber.testng.FeatureWrapper)[pri:0, instance:TestRunners.FlipkartRunner@4988d8b8]" name="runScenario" class="io.cucumber.testng.AbstractTestNGCucumberTests"/>
        <method signature="AbstractTestNGCucumberTests.runScenario(io.cucumber.testng.PickleWrapper,io.cucumber.testng.FeatureWrapper)[pri:0, instance:TestRunners.GoogleRunner@609cd4d8]" name="runScenario" class="io.cucumber.testng.AbstractTestNGCucumberTests"/>
        <method signature="AbstractTestNGCucumberTests.runScenario(io.cucumber.testng.PickleWrapper,io.cucumber.testng.FeatureWrapper)[pri:0, instance:TestRunners.VtigerRunner@17f7cd29]" name="runScenario" class="io.cucumber.testng.AbstractTestNGCucumberTests"/>
      </group> <!-- cucumber -->
    </groups>
    <test started-at="2024-12-30T11:15:37 IST" name="Test" finished-at="2024-12-30T11:15:58 IST" duration-ms="20883">
      <class name="TestRunners.FlipkartRunner">
        <test-method is-config="true" signature="setUpClass(org.testng.ITestContext)[pri:0, instance:TestRunners.FlipkartRunner@4988d8b8]" started-at="2024-12-30T11:15:37 IST" name="setUpClass" finished-at="2024-12-30T11:15:38 IST" duration-ms="599" status="PASS">
          <params>
            <param index="0">
              <value>
                <![CDATA[org.testng.TestRunner@1290c49]]>
              </value>
            </param>
          </params>
          <reporter-output>
          </reporter-output>
        </test-method> <!-- setUpClass -->
        <test-method signature="runScenario(io.cucumber.testng.PickleWrapper,io.cucumber.testng.FeatureWrapper)[pri:0, instance:TestRunners.FlipkartRunner@4988d8b8]" started-at="2024-12-30T11:15:38 IST" name="runScenario" description="Runs Cucumber Scenarios" data-provider="scenarios" finished-at="2024-12-30T11:15:45 IST" duration-ms="6817" status="PASS">
          <params>
            <param index="0">
              <value>
                <![CDATA["To search for mobiles under Rs 20000 on flipkart"]]>
              </value>
            </param>
            <param index="1">
              <value>
                <![CDATA["To test on flipkart application"]]>
              </value>
            </param>
          </params>
          <reporter-output>
          </reporter-output>
        </test-method> <!-- runScenario -->
        <test-method is-config="true" signature="tearDownClass()[pri:0, instance:TestRunners.FlipkartRunner@4988d8b8]" started-at="2024-12-30T11:15:45 IST" name="tearDownClass" finished-at="2024-12-30T11:15:45 IST" duration-ms="69" status="PASS">
          <reporter-output>
          </reporter-output>
        </test-method> <!-- tearDownClass -->
      </class> <!-- TestRunners.FlipkartRunner -->
      <class name="TestRunners.VtigerRunner">
        <test-method is-config="true" signature="setUpClass(org.testng.ITestContext)[pri:0, instance:TestRunners.VtigerRunner@17f7cd29]" started-at="2024-12-30T11:15:48 IST" name="setUpClass" finished-at="2024-12-30T11:15:48 IST" duration-ms="25" status="PASS">
          <params>
            <param index="0">
              <value>
                <![CDATA[org.testng.TestRunner@1290c49]]>
              </value>
            </param>
          </params>
          <reporter-output>
          </reporter-output>
        </test-method> <!-- setUpClass -->
        <test-method signature="runScenario(io.cucumber.testng.PickleWrapper,io.cucumber.testng.FeatureWrapper)[pri:0, instance:TestRunners.VtigerRunner@17f7cd29]" started-at="2024-12-30T11:15:48 IST" name="runScenario" description="Runs Cucumber Scenarios" data-provider="scenarios" finished-at="2024-12-30T11:15:58 IST" duration-ms="10416" status="FAIL">
          <params>
            <param index="0">
              <value>
                <![CDATA["Creaate a new organization in vtigercrm and verify the name of the organizarion"]]>
              </value>
            </param>
            <param index="1">
              <value>
                <![CDATA["Testing the organizations option on vtigercrm"]]>
              </value>
            </param>
          </params>
          <exception class="org.openqa.selenium.NoSuchElementException">
            <message>
              <![CDATA[Unable to find element with locator By.xpath: //span[@class='dvHeaderText']
For documentation on this error, please visit: https://www.selenium.dev/documentation/webdriver/troubleshooting/errors#no-such-element-exception
Build info: version: '4.23.1', revision: '656257d8e9'
System info: os.name: 'Windows 11', os.arch: 'amd64', os.version: '10.0', java.version: '21.0.5'
Driver info: driver.version: RemoteWebDriver]]>
            </message>
            <full-stacktrace>
              <![CDATA[org.openqa.selenium.NoSuchElementException: Unable to find element with locator By.xpath: //span[@class='dvHeaderText']
For documentation on this error, please visit: https://www.selenium.dev/documentation/webdriver/troubleshooting/errors#no-such-element-exception
Build info: version: '4.23.1', revision: '656257d8e9'
System info: os.name: 'Windows 11', os.arch: 'amd64', os.version: '10.0', java.version: '21.0.5'
Driver info: driver.version: RemoteWebDriver
at org.openqa.selenium.remote.ElementLocation$ElementFinder$2.findElement(ElementLocation.java:168)
at org.openqa.selenium.remote.ElementLocation.findElement(ElementLocation.java:59)
at org.openqa.selenium.remote.RemoteWebDriver.findElement(RemoteWebDriver.java:368)
at org.openqa.selenium.remote.RemoteWebDriver.findElement(RemoteWebDriver.java:362)
at com.vtiger.stepdef.vtigerStepdef.organization_information_page_is_displayed(vtigerStepdef.java:53)
at ✽.Organization information page is displayed(file:///C:/Users/harsh/git/Cucumber_Project/src/test/resources/Featurefiles/vtigerCreateOrg.feature:11)
]]>
            </full-stacktrace>
          </exception> <!-- org.openqa.selenium.NoSuchElementException -->
          <reporter-output>
          </reporter-output>
        </test-method> <!-- runScenario -->
        <test-method is-config="true" signature="tearDownClass()[pri:0, instance:TestRunners.VtigerRunner@17f7cd29]" started-at="2024-12-30T11:15:58 IST" name="tearDownClass" finished-at="2024-12-30T11:15:58 IST" duration-ms="11" status="PASS">
          <reporter-output>
          </reporter-output>
        </test-method> <!-- tearDownClass -->
      </class> <!-- TestRunners.VtigerRunner -->
      <class name="TestRunners.GoogleRunner">
        <test-method is-config="true" signature="setUpClass(org.testng.ITestContext)[pri:0, instance:TestRunners.GoogleRunner@609cd4d8]" started-at="2024-12-30T11:15:45 IST" name="setUpClass" finished-at="2024-12-30T11:15:45 IST" duration-ms="37" status="PASS">
          <params>
            <param index="0">
              <value>
                <![CDATA[org.testng.TestRunner@1290c49]]>
              </value>
            </param>
          </params>
          <reporter-output>
          </reporter-output>
        </test-method> <!-- setUpClass -->
        <test-method signature="runScenario(io.cucumber.testng.PickleWrapper,io.cucumber.testng.FeatureWrapper)[pri:0, instance:TestRunners.GoogleRunner@609cd4d8]" started-at="2024-12-30T11:15:45 IST" name="runScenario" description="Runs Cucumber Scenarios" data-provider="scenarios" finished-at="2024-12-30T11:15:48 IST" duration-ms="2811" status="PASS">
          <params>
            <param index="0">
              <value>
                <![CDATA["Test for google title"]]>
              </value>
            </param>
            <param index="1">
              <value>
                <![CDATA["Test for Google application"]]>
              </value>
            </param>
          </params>
          <reporter-output>
          </reporter-output>
        </test-method> <!-- runScenario -->
        <test-method is-config="true" signature="tearDownClass()[pri:0, instance:TestRunners.GoogleRunner@609cd4d8]" started-at="2024-12-30T11:15:48 IST" name="tearDownClass" finished-at="2024-12-30T11:15:48 IST" duration-ms="21" status="PASS">
          <reporter-output>
          </reporter-output>
        </test-method> <!-- tearDownClass -->
      </class> <!-- TestRunners.GoogleRunner -->
    </test> <!-- Test -->
  </suite> <!-- Suite -->
</testng-results>
