<?xml version="1.0" encoding="UTF-8"?>
<!-- Generated by org.testng.reporters.JUnitReportReporter -->
<testsuite hostname="Harsh-PC" failures="0" tests="1" name="TestRunners.VtigerRunner" time="11.919" errors="1" timestamp="2024-12-30T11:34:22 IST" skipped="0">
  <testcase classname="TestRunners.VtigerRunner" name="runScenario" time="11.919">
    <error message="Unable to find element with locator By.xpath: //span[@class=&#039;dvHeaderText&#039;]
For documentation on this error, please visit: https://www.selenium.dev/documentation/webdriver/troubleshooting/errors#no-such-element-exception
Build info: version: &#039;4.23.1&#039;, revision: &#039;656257d8e9&#039;
System info: os.name: &#039;Windows 11&#039;, os.arch: &#039;amd64&#039;, os.version: &#039;10.0&#039;, java.version: &#039;21.0.5&#039;
Driver info: driver.version: RemoteWebDriver" type="org.openqa.selenium.NoSuchElementException">
      <![CDATA[org.openqa.selenium.NoSuchElementException: Unable to find element with locator By.xpath: //span[@class='dvHeaderText']
For documentation on this error, please visit: https://www.selenium.dev/documentation/webdriver/troubleshooting/errors#no-such-element-exception
Build info: version: '4.23.1', revision: '656257d8e9'
System info: os.name: 'Windows 11', os.arch: 'amd64', os.version: '10.0', java.version: '21.0.5'
Driver info: driver.version: RemoteWebDriver
at org.openqa.selenium.remote.ElementLocation$ElementFinder$2.findElement(ElementLocation.java:168)
at org.openqa.selenium.remote.ElementLocation.findElement(ElementLocation.java:59)
at org.openqa.selenium.remote.RemoteWebDriver.findElement(RemoteWebDriver.java:368)
at org.openqa.selenium.remote.RemoteWebDriver.findElement(RemoteWebDriver.java:362)
at com.vtiger.stepdef.vtigerStepdef.organization_information_page_is_displayed(vtigerStepdef.java:53)
at ✽.Organization information page is displayed(file:///C:/Users/harsh/git/Cucumber_Project/src/test/resources/Featurefiles/vtigerCreateOrg.feature:11)
]]>
    </error>
  </testcase> <!-- runScenario -->
</testsuite> <!-- TestRunners.VtigerRunner -->
